<?xml version="1.0" encoding="UTF-8"?>
<testsuite xmlns:xsi="http://www.w3.org/2001/XMLSchema-instance" xsi:noNamespaceSchemaLocation="https://maven.apache.org/surefire/maven-surefire-plugin/xsd/surefire-test-report.xsd" name="com.example.ktable.AppTest" time="0.017" tests="1" errors="0" skipped="0" failures="0">
  <properties>
    <property name="java.specification.version" value="17"/>
    <property name="sun.jnu.encoding" value="UTF-8"/>
    <property name="java.class.path" value="/home/docitu/Documents/data_engineering/learn-kafka-courses/new-kafka-streams/ktable/target/test-classes:/home/docitu/Documents/data_engineering/learn-kafka-courses/new-kafka-streams/ktable/target/classes:/home/docitu/.m2/repository/junit/junit/4.11/junit-4.11.jar:/home/docitu/.m2/repository/org/hamcrest/hamcrest-core/1.3/hamcrest-core-1.3.jar:/home/docitu/.m2/repository/org/apache/kafka/kafka-streams/3.8.1/kafka-streams-3.8.1.jar:/home/docitu/.m2/repository/org/rocksdb/rocksdbjni/7.9.2/rocksdbjni-7.9.2.jar:/home/docitu/.m2/repository/org/slf4j/slf4j-api/1.7.36/slf4j-api-1.7.36.jar:/home/docitu/.m2/repository/com/fasterxml/jackson/core/jackson-annotations/2.16.2/jackson-annotations-2.16.2.jar:/home/docitu/.m2/repository/com/fasterxml/jackson/core/jackson-databind/2.16.2/jackson-databind-2.16.2.jar:/home/docitu/.m2/repository/com/fasterxml/jackson/core/jackson-core/2.16.2/jackson-core-2.16.2.jar:/home/docitu/.m2/repository/org/apache/kafka/kafka-clients/3.8.0/kafka-clients-3.8.0.jar:/home/docitu/.m2/repository/com/github/luben/zstd-jni/1.5.6-3/zstd-jni-1.5.6-3.jar:/home/docitu/.m2/repository/org/lz4/lz4-java/1.8.0/lz4-java-1.8.0.jar:/home/docitu/.m2/repository/org/xerial/snappy/snappy-java/1.1.10.5/snappy-java-1.1.10.5.jar:/home/docitu/.m2/repository/com/github/javafaker/javafaker/1.0.2/javafaker-1.0.2.jar:/home/docitu/.m2/repository/org/apache/commons/commons-lang3/3.5/commons-lang3-3.5.jar:/home/docitu/.m2/repository/org/yaml/snakeyaml/1.23/snakeyaml-1.23-android.jar:/home/docitu/.m2/repository/com/github/mifmif/generex/1.0.2/generex-1.0.2.jar:/home/docitu/.m2/repository/dk/brics/automaton/automaton/1.11-8/automaton-1.11-8.jar:"/>
    <property name="java.vm.vendor" value="Ubuntu"/>
    <property name="sun.arch.data.model" value="64"/>
    <property name="java.vendor.url" value="https://ubuntu.com/"/>
    <property name="os.name" value="Linux"/>
    <property name="java.vm.specification.version" value="17"/>
    <property name="sun.java.launcher" value="SUN_STANDARD"/>
    <property name="sun.boot.library.path" value="/usr/lib/jvm/java-17-openjdk-amd64/lib"/>
    <property name="sun.java.command" value="/home/docitu/Documents/data_engineering/learn-kafka-courses/new-kafka-streams/ktable/target/surefire/surefirebooter13629009047418790676.jar /home/docitu/Documents/data_engineering/learn-kafka-courses/new-kafka-streams/ktable/target/surefire 2024-11-21T14-38-50_777-jvmRun1 surefire5399856000469653229tmp surefire_06477670050848494244tmp"/>
    <property name="jdk.debug" value="release"/>
    <property name="surefire.test.class.path" value="/home/docitu/Documents/data_engineering/learn-kafka-courses/new-kafka-streams/ktable/target/test-classes:/home/docitu/Documents/data_engineering/learn-kafka-courses/new-kafka-streams/ktable/target/classes:/home/docitu/.m2/repository/junit/junit/4.11/junit-4.11.jar:/home/docitu/.m2/repository/org/hamcrest/hamcrest-core/1.3/hamcrest-core-1.3.jar:/home/docitu/.m2/repository/org/apache/kafka/kafka-streams/3.8.1/kafka-streams-3.8.1.jar:/home/docitu/.m2/repository/org/rocksdb/rocksdbjni/7.9.2/rocksdbjni-7.9.2.jar:/home/docitu/.m2/repository/org/slf4j/slf4j-api/1.7.36/slf4j-api-1.7.36.jar:/home/docitu/.m2/repository/com/fasterxml/jackson/core/jackson-annotations/2.16.2/jackson-annotations-2.16.2.jar:/home/docitu/.m2/repository/com/fasterxml/jackson/core/jackson-databind/2.16.2/jackson-databind-2.16.2.jar:/home/docitu/.m2/repository/com/fasterxml/jackson/core/jackson-core/2.16.2/jackson-core-2.16.2.jar:/home/docitu/.m2/repository/org/apache/kafka/kafka-clients/3.8.0/kafka-clients-3.8.0.jar:/home/docitu/.m2/repository/com/github/luben/zstd-jni/1.5.6-3/zstd-jni-1.5.6-3.jar:/home/docitu/.m2/repository/org/lz4/lz4-java/1.8.0/lz4-java-1.8.0.jar:/home/docitu/.m2/repository/org/xerial/snappy/snappy-java/1.1.10.5/snappy-java-1.1.10.5.jar:/home/docitu/.m2/repository/com/github/javafaker/javafaker/1.0.2/javafaker-1.0.2.jar:/home/docitu/.m2/repository/org/apache/commons/commons-lang3/3.5/commons-lang3-3.5.jar:/home/docitu/.m2/repository/org/yaml/snakeyaml/1.23/snakeyaml-1.23-android.jar:/home/docitu/.m2/repository/com/github/mifmif/generex/1.0.2/generex-1.0.2.jar:/home/docitu/.m2/repository/dk/brics/automaton/automaton/1.11-8/automaton-1.11-8.jar:"/>
    <property name="sun.cpu.endian" value="little"/>
    <property name="user.home" value="/home/docitu"/>
    <property name="user.language" value="en"/>
    <property name="java.specification.vendor" value="Oracle Corporation"/>
    <property name="java.version.date" value="2024-07-16"/>
    <property name="java.home" value="/usr/lib/jvm/java-17-openjdk-amd64"/>
    <property name="file.separator" value="/"/>
    <property name="basedir" value="/home/docitu/Documents/data_engineering/learn-kafka-courses/new-kafka-streams/ktable"/>
    <property name="java.vm.compressedOopsMode" value="Zero based"/>
    <property name="line.separator" value="&#10;"/>
    <property name="java.vm.specification.vendor" value="Oracle Corporation"/>
    <property name="java.specification.name" value="Java Platform API Specification"/>
    <property name="surefire.real.class.path" value="/home/docitu/Documents/data_engineering/learn-kafka-courses/new-kafka-streams/ktable/target/surefire/surefirebooter13629009047418790676.jar"/>
    <property name="sun.management.compiler" value="HotSpot 64-Bit Tiered Compilers"/>
    <property name="java.runtime.version" value="17.0.12+7-Ubuntu-1ubuntu222.04"/>
    <property name="user.name" value="docitu"/>
    <property name="path.separator" value=":"/>
    <property name="os.version" value="5.15.167.4-microsoft-standard-WSL2"/>
    <property name="java.runtime.name" value="OpenJDK Runtime Environment"/>
    <property name="file.encoding" value="UTF-8"/>
    <property name="java.vm.name" value="OpenJDK 64-Bit Server VM"/>
    <property name="localRepository" value="/home/docitu/.m2/repository"/>
    <property name="java.vendor.url.bug" value="https://bugs.launchpad.net/ubuntu/+source/openjdk-17"/>
    <property name="java.io.tmpdir" value="/tmp"/>
    <property name="java.version" value="17.0.12"/>
    <property name="user.dir" value="/home/docitu/Documents/data_engineering/learn-kafka-courses/new-kafka-streams/ktable"/>
    <property name="os.arch" value="amd64"/>
    <property name="java.vm.specification.name" value="Java Virtual Machine Specification"/>
    <property name="native.encoding" value="UTF-8"/>
    <property name="java.library.path" value="/usr/java/packages/lib:/usr/lib/x86_64-linux-gnu/jni:/lib/x86_64-linux-gnu:/usr/lib/x86_64-linux-gnu:/usr/lib/jni:/lib:/usr/lib"/>
    <property name="java.vm.info" value="mixed mode, sharing"/>
    <property name="java.vendor" value="Ubuntu"/>
    <property name="java.vm.version" value="17.0.12+7-Ubuntu-1ubuntu222.04"/>
    <property name="sun.io.unicode.encoding" value="UnicodeLittle"/>
    <property name="java.class.version" value="61.0"/>
  </properties>
  <testcase name="shouldAnswerWithTrue" classname="com.example.ktable.AppTest" time="0.001"/>
</testsuite>